<?xml version="1.0" encoding="utf-8"?><testsuites name="pytest tests"><testsuite name="pytest" errors="0" failures="0" skipped="0" tests="13" time="47.725" timestamp="2025-12-16T17:12:01.896327+09:00" hostname="c72b902579e7"><testcase classname="load_tests.scenarios.stage38_multi_region_failover.TestStage38FullFailoverScenario" name="test_complete_multi_region_failover_cycle" time="18.989" /><testcase classname="load_tests.scenarios.stage38_multi_region_failover.TestStage38RegionARecoveryAndReplay" name="test_region_a_recovery_with_conditional_replay" time="19.069" /><testcase classname="load_tests.scenarios.stage38_multi_region_failover.TestStage38AuditAndDecisionRecordBoundaries" name="test_audit_events_stdout_only" time="19.241" /><testcase classname="load_tests.scenarios.stage38_multi_region_failover.TestStage38OperatorFailover" name="test_operator_block_region_a_and_allow_region_b" time="19.309" /><testcase classname="load_tests.scenarios.stage38_multi_region_failover.TestStage38RegionAOutage" name="test_region_a_full_outage_triggers_circuit_open" time="19.442" /><testcase classname="load_tests.scenarios.stage38_multi_region_failover.TestStage38FullFailoverScenario" name="test_failover_chaos_variations" time="5.104" /><testcase classname="load_tests.scenarios.stage38_multi_region_failover.TestStage38RegionARecoveryAndReplay" name="test_replay_limit_respected_during_recovery" time="4.816" /><testcase classname="load_tests.scenarios.stage38_multi_region_failover.TestStage38AuditAndDecisionRecordBoundaries" name="test_decision_record_schema_frozen" time="4.855" /><testcase classname="load_tests.scenarios.stage38_multi_region_failover.TestStage38OperatorFailover" name="test_failover_timing_order_variation" time="2.493" /><testcase classname="load_tests.scenarios.stage38_multi_region_failover.TestStage38RegionAOutage" name="test_region_a_outage_concurrent_requests_survive" time="7.121" /><testcase classname="load_tests.scenarios.stage38_multi_region_failover.TestStage38SecurityBoundaryViolation" name="test_no_automatic_healing_of_security_violations" time="23.859" /><testcase classname="load_tests.scenarios.stage38_multi_region_failover.TestStage38OperatorFailover" name="test_concurrent_failover_commands" time="2.309" /><testcase classname="load_tests.scenarios.stage38_multi_region_failover.TestStage38SecurityBoundaryViolation" name="test_control_api_no_business_logic_execution" time="1.552" /></testsuite></testsuites>